0 info it worked if it ends with ok
1 verbose cli [ 'node', '/usr/local/bin/npm', 'install', 'sqlite3' ]
2 info using npm@1.4.28
3 info using node@v0.10.35
4 verbose cache add [ 'sqlite3', null ]
5 verbose cache add name=undefined spec="sqlite3" args=["sqlite3",null]
6 verbose parsed url { protocol: null,
6 verbose parsed url   slashes: null,
6 verbose parsed url   auth: null,
6 verbose parsed url   host: null,
6 verbose parsed url   port: null,
6 verbose parsed url   hostname: null,
6 verbose parsed url   hash: null,
6 verbose parsed url   search: null,
6 verbose parsed url   query: null,
6 verbose parsed url   pathname: 'sqlite3',
6 verbose parsed url   path: 'sqlite3',
6 verbose parsed url   href: 'sqlite3' }
7 silly lockFile b54e393c-sqlite3 sqlite3
8 verbose lock sqlite3 /Users/yester/.npm/b54e393c-sqlite3.lock
9 silly lockFile b54e393c-sqlite3 sqlite3
10 silly lockFile b54e393c-sqlite3 sqlite3
11 verbose addNamed [ 'sqlite3', '' ]
12 verbose addNamed [ null, '*' ]
13 silly lockFile b9879749-sqlite3 sqlite3@
14 verbose lock sqlite3@ /Users/yester/.npm/b9879749-sqlite3.lock
15 silly addNameRange { name: 'sqlite3', range: '*', hasData: false }
16 verbose request where is /sqlite3
17 verbose request registry https://registry.npmjs.org/
18 verbose request id 23d513bf4025227d
19 verbose url raw /sqlite3
20 verbose url resolving [ 'https://registry.npmjs.org/', './sqlite3' ]
21 verbose url resolved https://registry.npmjs.org/sqlite3
22 verbose request where is https://registry.npmjs.org/sqlite3
23 info trying registry request attempt 1 at 22:32:17
24 verbose etag "4QCNA11Z769RY1WOEPUEKG064"
25 http GET https://registry.npmjs.org/sqlite3
26 http 304 https://registry.npmjs.org/sqlite3
27 silly registry.get cb [ 304,
27 silly registry.get   { date: 'Wed, 25 Mar 2015 14:32:19 GMT',
27 silly registry.get     server: 'Apache',
27 silly registry.get     via: '1.1 varnish',
27 silly registry.get     'last-modified': 'Wed, 25 Mar 2015 14:32:20 GMT',
27 silly registry.get     'cache-control': 'max-age=60',
27 silly registry.get     etag: '"4QCNA11Z769RY1WOEPUEKG064"',
27 silly registry.get     age: '0',
27 silly registry.get     'x-served-by': 'cache-nrt6131-NRT',
27 silly registry.get     'x-cache': 'HIT',
27 silly registry.get     'x-cache-hits': '1',
27 silly registry.get     'x-timer': 'S1427293939.316727,VS0,VE767',
27 silly registry.get     vary: 'Accept',
27 silly registry.get     'content-length': '0',
27 silly registry.get     'keep-alive': 'timeout=10, max=50',
27 silly registry.get     connection: 'Keep-Alive' } ]
28 verbose etag https://registry.npmjs.org/sqlite3 from cache
29 silly addNameRange number 2 { name: 'sqlite3', range: '*', hasData: true }
30 silly addNameRange versions [ 'sqlite3',
30 silly addNameRange   [ '2.0.0',
30 silly addNameRange     '2.0.1',
30 silly addNameRange     '2.0.2',
30 silly addNameRange     '2.0.3',
30 silly addNameRange     '2.0.4',
30 silly addNameRange     '2.0.5',
30 silly addNameRange     '2.0.6',
30 silly addNameRange     '2.0.7',
30 silly addNameRange     '2.0.8',
30 silly addNameRange     '2.0.9',
30 silly addNameRange     '2.0.10',
30 silly addNameRange     '2.0.11',
30 silly addNameRange     '2.0.12',
30 silly addNameRange     '2.0.13',
30 silly addNameRange     '2.0.14',
30 silly addNameRange     '2.0.15',
30 silly addNameRange     '2.0.16',
30 silly addNameRange     '2.0.17',
30 silly addNameRange     '2.0.18',
30 silly addNameRange     '2.1.0',
30 silly addNameRange     '2.1.1',
30 silly addNameRange     '2.1.2',
30 silly addNameRange     '2.1.3',
30 silly addNameRange     '2.1.4',
30 silly addNameRange     '2.1.5',
30 silly addNameRange     '2.1.7',
30 silly addNameRange     '2.1.8',
30 silly addNameRange     '2.1.9',
30 silly addNameRange     '2.1.10',
30 silly addNameRange     '2.1.11',
30 silly addNameRange     '2.1.12',
30 silly addNameRange     '2.1.13',
30 silly addNameRange     '2.1.14',
30 silly addNameRange     '2.1.15',
30 silly addNameRange     '2.1.16',
30 silly addNameRange     '2.1.17',
30 silly addNameRange     '2.1.18',
30 silly addNameRange     '2.1.19',
30 silly addNameRange     '2.2.0',
30 silly addNameRange     '2.2.1',
30 silly addNameRange     '2.2.2',
30 silly addNameRange     '2.2.3',
30 silly addNameRange     '2.2.4',
30 silly addNameRange     '2.2.6',
30 silly addNameRange     '2.2.7',
30 silly addNameRange     '3.0.0',
30 silly addNameRange     '3.0.1',
30 silly addNameRange     '3.0.2',
30 silly addNameRange     '3.0.4',
30 silly addNameRange     '3.0.5' ] ]
31 verbose addNamed [ 'sqlite3', '3.0.5' ]
32 verbose addNamed [ '3.0.5', '3.0.5' ]
33 silly lockFile 04db0617-sqlite3-3-0-5 sqlite3@3.0.5
34 verbose lock sqlite3@3.0.5 /Users/yester/.npm/04db0617-sqlite3-3-0-5.lock
35 silly lockFile 81f41acb-js-org-sqlite3-sqlite3-3-0-5-tgz https://registry.npmjs.org/sqlite3/-/sqlite3-3.0.5.tgz
36 verbose lock https://registry.npmjs.org/sqlite3/-/sqlite3-3.0.5.tgz /Users/yester/.npm/81f41acb-js-org-sqlite3-sqlite3-3-0-5-tgz.lock
37 verbose addRemoteTarball [ 'https://registry.npmjs.org/sqlite3/-/sqlite3-3.0.5.tgz',
37 verbose addRemoteTarball   '27adf608575e847f847961bf4a90a9c60f26fd57' ]
38 info retry fetch attempt 1 at 22:32:20
39 verbose fetch to= /var/folders/gx/3lvh96m94js1v2lb42n1f0zr0000gn/T/npm-569-mp0gvrTi/registry.npmjs.org/sqlite3/-/sqlite3-3.0.5.tgz
40 http GET https://registry.npmjs.org/sqlite3/-/sqlite3-3.0.5.tgz
41 http 200 https://registry.npmjs.org/sqlite3/-/sqlite3-3.0.5.tgz
42 silly lockFile 81f41acb-js-org-sqlite3-sqlite3-3-0-5-tgz https://registry.npmjs.org/sqlite3/-/sqlite3-3.0.5.tgz
43 silly lockFile 81f41acb-js-org-sqlite3-sqlite3-3-0-5-tgz https://registry.npmjs.org/sqlite3/-/sqlite3-3.0.5.tgz
44 silly lockFile 04db0617-sqlite3-3-0-5 sqlite3@3.0.5
45 silly lockFile 04db0617-sqlite3-3-0-5 sqlite3@3.0.5
46 silly lockFile b9879749-sqlite3 sqlite3@
47 silly lockFile b9879749-sqlite3 sqlite3@
48 error Error: EACCES, mkdir '/Users/yester/.npm/sqlite3/3.0.5'
48 error  { [Error: EACCES, mkdir '/Users/yester/.npm/sqlite3/3.0.5']
48 error   errno: 3,
48 error   code: 'EACCES',
48 error   path: '/Users/yester/.npm/sqlite3/3.0.5' }
49 error Please try running this command again as root/Administrator.
50 error System Darwin 14.1.0
51 error command "node" "/usr/local/bin/npm" "install" "sqlite3"
52 error cwd /Users/yester/Documents/github/venus/server
53 error node -v v0.10.35
54 error npm -v 1.4.28
55 error path /Users/yester/.npm/sqlite3/3.0.5
56 error code EACCES
57 error errno 3
58 error stack Error: EACCES, mkdir '/Users/yester/.npm/sqlite3/3.0.5'
59 verbose exit [ 3, true ]
